R is free software and comes with ABSOLUTELY NO WARRANTY.
You are welcome to redistribute it under certain conditions.
Type 'license()' or 'licence()' for distribution details.

R is a collaborative project with many contributors.
Type 'contributors()' for more information and
'citation()' on how to cite R or R packages in publications.

Type 'demo()' for some demos, 'help()' for on-line help, or
'help.start()' for an HTML browser interface to help.
Type 'q()' to quit R.

> setwd("L:/R Prg")
> source("run_analysis.R", echo=TRUE, max.deparse.length=512)

> # ------------------------------------------------------------
> # Merge the training and the test sets to create one data set.
> # ------------------------------------------------------------
> 
> ptm <- proc.time() # benchmark

> # define column widths for measurement data (defined in "X" files)
> w <- rep(c(16), times=561)		

> # read test subject data
> test_subj <- read.fwf(file = "./data/UCI HAR Dataset/test/subject_test.txt"
+ 		, flush = TRUE
+ 		, header = FALSE
+ 		, widths = c(1)
+ 		, col.names = c("subject_id")
+ 		)

> test_x <- read.fwf(file = "./data/UCI HAR Dataset/test/X_test.txt"
+ 		, flush = TRUE
+ 		, header = FALSE
+ 		, widths = w
+ 		)

> test_y <- read.fwf(file = "./data/UCI HAR Dataset/test/Y_test.txt"
+ 		, flush = TRUE
+ 		, header = FALSE
+ 		, widths = c(1)
+ 		, col.names = c("activity_id")
+ 		)

> # combine three datafiles into a single dataset		
> test_merge <- cbind(cbind(test_x, test_y), test_subj)

> # read training data		
> train_subj <- read.fwf(file = "./data/UCI HAR Dataset/train/subject_train.txt"
+ 		, flush = TRUE
+ 		, header = FALSE
+ 		, widths = c(1)
+ 		, col.names = c("subject_id")
+ 		)

> train_x <- read.fwf(file = "./data/UCI HAR Dataset/train/X_train.txt"
+ 		, flush = TRUE
+ 		, header = FALSE
+ 		, widths = w
+ 		)

> train_y <- read.fwf(file = "./data/UCI HAR Dataset/train/Y_train.txt"
+ 		, flush = TRUE
+ 		, header = FALSE
+ 		, widths = c(1)
+ 		, col.names = c("activity_id")
+ 		)

> # combine three datafiles into a single dataset		
> train_merge <- cbind(cbind(train_x, train_y), train_subj)

> # combine test and train data into a single dataset
> results <- rbind(test_merge, train_merge)

> # ---------------------------------------------------------------------------------------
> # Extracts only the measurements on the mean and standard deviation for each measurement. 
> # ---------------------------------------------------------------------------------------
> 
> # Looking at the features.txt file, pull out those column names ending with
> # mean() and std().  Append the "activity_id" and "subject_id" columns.
> # identify indices for mean() and std() columns plus activity_id and subject_i .... [TRUNCATED] 

> # Define a dataset based upon the above columns.		
> results_mean_std <- results[, mean_std_indices]

> # -----------------------------------------------------------------
> # Appropriately label the data set with descriptive variable names. 
> # -----------------------------------------------------------------
> 
> # Identify the mean snd standard deviation columns defined by the variable, mean_std_indices.
> labels <- c("tBodyAcc-mean()-X", "tBodyAcc-mean()-Y", "tBodyAcc-mean()-Z", "tBodyAcc-std()-X"
+ 	, "tBodyAcc-std()-Y", "tBodyAcc-std()-Z", "tGravityAcc-mean()-X", "tGravityAcc-mean()-Y"
+ 	, "tGravity ..." ... [TRUNCATED] 

> # Re-label the results_mean_std dataset.
> colnames(results_mean_std) <- labels

> # ----------------------------------------------------------------------
> # Uses descriptive activity names to name the activities in the data set
> # ----------------------------------------------------------------------
> 
> # Add a new column, activity_type, based upon the activity id whose values are defined in
> # the activity_labels.txt file.
> attach(results_mean_std)

> results_mean_std$activity_type[activity_id == 1] <- "walking"

> results_mean_std$activity_type[activity_id == 2] <- "walking upstairs"

> results_mean_std$activity_type[activity_id == 3] <- "walking downstairs"

> results_mean_std$activity_type[activity_id == 4] <- "sitting"

> results_mean_std$activity_type[activity_id == 5] <- "standing"

> results_mean_std$activity_type[activity_id == 6] <- "laying"

> detach(results_mean_std)

> # prep dataset minus activity_id (don't want activity_id column included in molten dataset)
> results2melt <- results_mean_std[, c(1:66, 68:69)]

> # install reshape2 package if not currently installed
> # install.packages("reshape2")
> library(reshape2)

> # Melt the dataset based upon subject_id and activity_type which are the id variables
> mdata <- melt(results2melt, id=c("subject_id", "activity_type"))

> # -------------------------------------------------------------------------------------
> # Create a second, independent tidy data set with the average of each variable for each 
> # activity and each subject. 
> # -------------------------------------------------------------------------------------
> 
> # Create tidy dataset calculating the mean for each measurement and group by 
> # subject_id and activity_type 
> tidy_data <- dcast(mdata, formula = subject_id + activity_type ~ variable, mean)

> # Export results to file.
> write.table(tidy_data, file="tidy_data.csv", sep=",")

> proc.time() - ptm # End benchmark
   user  system elapsed 
 505.07  105.57  644.65 

> # End of program.
> 